<?xml version="1.0" encoding="UTF-8"?>
<testsuite name="com.example.project.springboot.web.HelloControllerTest" tests="2" skipped="0" failures="0" errors="0" timestamp="2022-06-11T01:32:25" hostname="ip-172-31-39-175.ap-northeast-2.compute.internal" time="0.316">
  <properties/>
  <testcase name="hello가_리턴된다" classname="com.example.project.springboot.web.HelloControllerTest" time="0.134"/>
  <testcase name="helloDto가_리턴된다" classname="com.example.project.springboot.web.HelloControllerTest" time="0.181"/>
  <system-out><![CDATA[2022-06-11 10:32:23.979  INFO 20345 --- [    Test worker] .b.t.a.w.s.WebMvcTestContextBootstrapper : Neither @ContextConfiguration nor @ContextHierarchy found for test class [com.example.project.springboot.web.HelloControllerTest], using SpringBootContextLoader
2022-06-11 10:32:23.981  INFO 20345 --- [    Test worker] o.s.t.c.support.AbstractContextLoader    : Could not detect default resource locations for test class [com.example.project.springboot.web.HelloControllerTest]: no resource found for suffixes {-context.xml, Context.groovy}.
2022-06-11 10:32:23.989  INFO 20345 --- [    Test worker] t.c.s.AnnotationConfigContextLoaderUtils : Could not detect default configuration classes for test class [com.example.project.springboot.web.HelloControllerTest]: HelloControllerTest does not declare any static, non-private, non-final, nested classes annotated with @Configuration.
2022-06-11 10:32:24.034  INFO 20345 --- [    Test worker] .b.t.c.SpringBootTestContextBootstrapper : Found @SpringBootConfiguration com.example.project.springboot.Application for test class com.example.project.springboot.web.HelloControllerTest
2022-06-11 10:32:24.035  INFO 20345 --- [    Test worker] .b.t.a.w.s.WebMvcTestContextBootstrapper : Loaded default TestExecutionListener class names from location [META-INF/spring.factories]: [org.springframework.security.test.context.support.WithSecurityContextTestExecutionListener, org.springframework.security.test.context.support.ReactorContextTestExecutionListener, org.springframework.boot.test.autoconfigure.restdocs.RestDocsTestExecutionListener, org.springframework.boot.test.autoconfigure.web.client.MockRestServiceServerResetTestExecutionListener, org.springframework.boot.test.autoconfigure.web.servlet.MockMvcPrintOnlyOnFailureTestExecutionListener, org.springframework.boot.test.autoconfigure.web.servlet.WebDriverTestExecutionListener, org.springframework.boot.test.mock.mockito.MockitoTestExecutionListener, org.springframework.boot.test.mock.mockito.ResetMocksTestExecutionListener, org.springframework.test.context.web.ServletTestExecutionListener, org.springframework.test.context.support.DirtiesContextBeforeModesTestExecutionListener, org.springframework.test.context.support.DependencyInjectionTestExecutionListener, org.springframework.test.context.support.DirtiesContextTestExecutionListener, org.springframework.test.context.transaction.TransactionalTestExecutionListener, org.springframework.test.context.jdbc.SqlScriptsTestExecutionListener]
2022-06-11 10:32:24.037  INFO 20345 --- [    Test worker] .b.t.a.w.s.WebMvcTestContextBootstrapper : Using TestExecutionListeners: [org.springframework.test.context.web.ServletTestExecutionListener@6a116354, org.springframework.test.context.support.DirtiesContextBeforeModesTestExecutionListener@66716959, org.springframework.boot.test.mock.mockito.MockitoTestExecutionListener@34e07e65, org.springframework.boot.test.autoconfigure.SpringBootDependencyInjectionTestExecutionListener@7ca0166c, org.springframework.test.context.support.DirtiesContextTestExecutionListener@1dcad16f, org.springframework.test.context.transaction.TransactionalTestExecutionListener@701c482e, org.springframework.test.context.jdbc.SqlScriptsTestExecutionListener@4738131e, org.springframework.security.test.context.support.WithSecurityContextTestExecutionListener@3b576ee3, org.springframework.security.test.context.support.ReactorContextTestExecutionListener@705d914f, org.springframework.boot.test.autoconfigure.restdocs.RestDocsTestExecutionListener@6212ea52, org.springframework.boot.test.autoconfigure.web.client.MockRestServiceServerResetTestExecutionListener@65b5b5ed, org.springframework.boot.test.autoconfigure.web.servlet.MockMvcPrintOnlyOnFailureTestExecutionListener@6595ffce, org.springframework.boot.test.autoconfigure.web.servlet.WebDriverTestExecutionListener@795eddda, org.springframework.boot.test.mock.mockito.ResetMocksTestExecutionListener@c6bf8d9]

  .   ____          _            __ _ _
 /\\ / ___'_ __ _ _(_)_ __  __ _ \ \ \ \
( ( )\___ | '_ | '_| | '_ \/ _` | \ \ \ \
 \\/  ___)| |_)| | | | | || (_| |  ) ) ) )
  '  |____| .__|_| |_|_| |_\__, | / / / /
 =========|_|==============|___/=/_/_/_/
 :: Spring Boot ::        (v2.1.7.RELEASE)

2022-06-11 10:32:24.106  INFO 20345 --- [    Test worker] c.e.p.s.web.HelloControllerTest          : Starting HelloControllerTest on ip-172-31-39-175.ap-northeast-2.compute.internal with PID 20345 (started by ec2-user in /home/ec2-user/app/step1/springboot)
2022-06-11 10:32:24.114  INFO 20345 --- [    Test worker] c.e.p.s.web.HelloControllerTest          : No active profile set, falling back to default profiles: default
2022-06-11 10:32:24.932  INFO 20345 --- [    Test worker] o.s.s.concurrent.ThreadPoolTaskExecutor  : Initializing ExecutorService 'applicationTaskExecutor'
2022-06-11 10:32:25.001  INFO 20345 --- [    Test worker] o.s.b.a.w.s.WelcomePageHandlerMapping    : Adding welcome page template: index
2022-06-11 10:32:25.372  INFO 20345 --- [    Test worker] .s.s.UserDetailsServiceAutoConfiguration : 

Using generated security password: 15c73028-5497-4f58-a924-eaed03de8d0d

2022-06-11 10:32:25.609  INFO 20345 --- [    Test worker] o.s.s.web.DefaultSecurityFilterChain     : Creating filter chain: any request, [org.springframework.security.web.context.request.async.WebAsyncManagerIntegrationFilter@3ca6bd01, org.springframework.security.web.context.SecurityContextPersistenceFilter@2553dcc0, org.springframework.security.web.header.HeaderWriterFilter@2c70a1de, org.springframework.security.web.csrf.CsrfFilter@71eafb64, org.springframework.security.web.authentication.logout.LogoutFilter@1cfd6f63, org.springframework.security.web.authentication.UsernamePasswordAuthenticationFilter@33c9f1ac, org.springframework.security.web.authentication.ui.DefaultLoginPageGeneratingFilter@37665305, org.springframework.security.web.authentication.ui.DefaultLogoutPageGeneratingFilter@5acd7d1c, org.springframework.security.web.authentication.www.BasicAuthenticationFilter@442310fd, org.springframework.security.web.savedrequest.RequestCacheAwareFilter@2e91cf69, org.springframework.security.web.servletapi.SecurityContextHolderAwareRequestFilter@746e534, org.springframework.security.web.authentication.AnonymousAuthenticationFilter@6b52a40, org.springframework.security.web.session.SessionManagementFilter@ae74eef, org.springframework.security.web.access.ExceptionTranslationFilter@727f36dd, org.springframework.security.web.access.intercept.FilterSecurityInterceptor@1dadd172]
2022-06-11 10:32:25.673  INFO 20345 --- [    Test worker] o.s.b.t.m.w.SpringBootMockServletContext : Initializing Spring TestDispatcherServlet ''
2022-06-11 10:32:25.674  INFO 20345 --- [    Test worker] o.s.t.web.servlet.TestDispatcherServlet  : Initializing Servlet ''
2022-06-11 10:32:25.695  INFO 20345 --- [    Test worker] o.s.t.web.servlet.TestDispatcherServlet  : Completed initialization in 21 ms
2022-06-11 10:32:25.759  INFO 20345 --- [    Test worker] c.e.p.s.web.HelloControllerTest          : Started HelloControllerTest in 1.716 seconds (JVM running for 19.838)
]]></system-out>
  <system-err><![CDATA[]]></system-err>
</testsuite>
