<?xml version="1.0" encoding="UTF-8"?>
<testsuite name="com.example.project.springboot.web.dto.HelloResponseDtoTest" tests="1" skipped="0" failures="0" errors="0" timestamp="2022-06-13T00:27:14" hostname="MAZZI-ZENBOOK" time="0.005">
  <properties/>
  <testcase name="롬복_기능_테스트" classname="com.example.project.springboot.web.dto.HelloResponseDtoTest" time="0.005"/>
  <system-out><![CDATA[]]></system-out>
  <system-err><![CDATA[]]></system-err>
</testsuite>
