<?xml version="1.0" encoding="UTF-8"?>
<testsuite name="com.example.project.springboot.web.ProfileControllerUnitTest" tests="3" skipped="0" failures="0" errors="0" timestamp="2022-06-13T05:57:38" hostname="MAZZI-ZENBOOK" time="0.005">
  <properties/>
  <testcase name="real_profile이_없으면_첫_번째가_조회된다" classname="com.example.project.springboot.web.ProfileControllerUnitTest" time="0.003"/>
  <testcase name="active_profile이_없으면_default가_조회된다" classname="com.example.project.springboot.web.ProfileControllerUnitTest" time="0.0"/>
  <testcase name="real_profile이_조회된다" classname="com.example.project.springboot.web.ProfileControllerUnitTest" time="0.0"/>
  <system-out><![CDATA[]]></system-out>
  <system-err><![CDATA[]]></system-err>
</testsuite>
