<?xml version="1.0" encoding="UTF-8"?>
<testsuite name="com.example.project.springboot.web.HelloControllerTest" tests="2" skipped="0" failures="0" errors="0" timestamp="2022-06-13T00:27:12" hostname="MAZZI-ZENBOOK" time="0.144">
  <properties/>
  <testcase name="hello가_리턴된다" classname="com.example.project.springboot.web.HelloControllerTest" time="0.062"/>
  <testcase name="helloDto가_리턴된다" classname="com.example.project.springboot.web.HelloControllerTest" time="0.081"/>
  <system-out><![CDATA[2022-06-13 09:27:11.665  INFO 5360 --- [    Test worker] .b.t.a.w.s.WebMvcTestContextBootstrapper : Neither @ContextConfiguration nor @ContextHierarchy found for test class [com.example.project.springboot.web.HelloControllerTest], using SpringBootContextLoader
2022-06-13 09:27:11.666  INFO 5360 --- [    Test worker] o.s.t.c.support.AbstractContextLoader    : Could not detect default resource locations for test class [com.example.project.springboot.web.HelloControllerTest]: no resource found for suffixes {-context.xml, Context.groovy}.
2022-06-13 09:27:11.666  INFO 5360 --- [    Test worker] t.c.s.AnnotationConfigContextLoaderUtils : Could not detect default configuration classes for test class [com.example.project.springboot.web.HelloControllerTest]: HelloControllerTest does not declare any static, non-private, non-final, nested classes annotated with @Configuration.
2022-06-13 09:27:11.689  INFO 5360 --- [    Test worker] .b.t.c.SpringBootTestContextBootstrapper : Found @SpringBootConfiguration com.example.project.springboot.Application for test class com.example.project.springboot.web.HelloControllerTest
2022-06-13 09:27:11.689  INFO 5360 --- [    Test worker] .b.t.a.w.s.WebMvcTestContextBootstrapper : Loaded default TestExecutionListener class names from location [META-INF/spring.factories]: [org.springframework.security.test.context.support.WithSecurityContextTestExecutionListener, org.springframework.security.test.context.support.ReactorContextTestExecutionListener, org.springframework.boot.test.autoconfigure.restdocs.RestDocsTestExecutionListener, org.springframework.boot.test.autoconfigure.web.client.MockRestServiceServerResetTestExecutionListener, org.springframework.boot.test.autoconfigure.web.servlet.MockMvcPrintOnlyOnFailureTestExecutionListener, org.springframework.boot.test.autoconfigure.web.servlet.WebDriverTestExecutionListener, org.springframework.boot.test.mock.mockito.MockitoTestExecutionListener, org.springframework.boot.test.mock.mockito.ResetMocksTestExecutionListener, org.springframework.test.context.web.ServletTestExecutionListener, org.springframework.test.context.support.DirtiesContextBeforeModesTestExecutionListener, org.springframework.test.context.support.DependencyInjectionTestExecutionListener, org.springframework.test.context.support.DirtiesContextTestExecutionListener, org.springframework.test.context.transaction.TransactionalTestExecutionListener, org.springframework.test.context.jdbc.SqlScriptsTestExecutionListener]
2022-06-13 09:27:11.690  INFO 5360 --- [    Test worker] .b.t.a.w.s.WebMvcTestContextBootstrapper : Using TestExecutionListeners: [org.springframework.test.context.web.ServletTestExecutionListener@6a116354, org.springframework.test.context.support.DirtiesContextBeforeModesTestExecutionListener@66716959, org.springframework.boot.test.mock.mockito.MockitoTestExecutionListener@34e07e65, org.springframework.boot.test.autoconfigure.SpringBootDependencyInjectionTestExecutionListener@7ca0166c, org.springframework.test.context.support.DirtiesContextTestExecutionListener@1dcad16f, org.springframework.test.context.transaction.TransactionalTestExecutionListener@701c482e, org.springframework.test.context.jdbc.SqlScriptsTestExecutionListener@4738131e, org.springframework.security.test.context.support.WithSecurityContextTestExecutionListener@3b576ee3, org.springframework.security.test.context.support.ReactorContextTestExecutionListener@705d914f, org.springframework.boot.test.autoconfigure.restdocs.RestDocsTestExecutionListener@6212ea52, org.springframework.boot.test.autoconfigure.web.client.MockRestServiceServerResetTestExecutionListener@65b5b5ed, org.springframework.boot.test.autoconfigure.web.servlet.MockMvcPrintOnlyOnFailureTestExecutionListener@6595ffce, org.springframework.boot.test.autoconfigure.web.servlet.WebDriverTestExecutionListener@795eddda, org.springframework.boot.test.mock.mockito.ResetMocksTestExecutionListener@c6bf8d9]

  .   ____          _            __ _ _
 /\\ / ___'_ __ _ _(_)_ __  __ _ \ \ \ \
( ( )\___ | '_ | '_| | '_ \/ _` | \ \ \ \
 \\/  ___)| |_)| | | | | || (_| |  ) ) ) )
  '  |____| .__|_| |_|_| |_\__, | / / / /
 =========|_|==============|___/=/_/_/_/
 :: Spring Boot ::        (v2.1.7.RELEASE)

2022-06-13 09:27:11.710  INFO 5360 --- [    Test worker] c.e.p.s.web.HelloControllerTest          : Starting HelloControllerTest on Mazzi-Zenbook with PID 5360 (started by tlwlr in C:\springboot)
2022-06-13 09:27:11.711  INFO 5360 --- [    Test worker] c.e.p.s.web.HelloControllerTest          : No active profile set, falling back to default profiles: default
2022-06-13 09:27:12.083  INFO 5360 --- [    Test worker] o.s.s.concurrent.ThreadPoolTaskExecutor  : Initializing ExecutorService 'applicationTaskExecutor'
2022-06-13 09:27:12.109  INFO 5360 --- [    Test worker] o.s.b.a.w.s.WelcomePageHandlerMapping    : Adding welcome page template: index
2022-06-13 09:27:12.291  INFO 5360 --- [    Test worker] .s.s.UserDetailsServiceAutoConfiguration : 

Using generated security password: bd85c821-14de-4038-bab5-b5351c1cb8df

2022-06-13 09:27:12.382  INFO 5360 --- [    Test worker] o.s.s.web.DefaultSecurityFilterChain     : Creating filter chain: any request, [org.springframework.security.web.context.request.async.WebAsyncManagerIntegrationFilter@5acd7d1c, org.springframework.security.web.context.SecurityContextPersistenceFilter@2e91cf69, org.springframework.security.web.header.HeaderWriterFilter@ae74eef, org.springframework.security.web.csrf.CsrfFilter@491cc0eb, org.springframework.security.web.authentication.logout.LogoutFilter@1906f982, org.springframework.security.web.authentication.UsernamePasswordAuthenticationFilter@4070c4ff, org.springframework.security.web.authentication.ui.DefaultLoginPageGeneratingFilter@c683cf5, org.springframework.security.web.authentication.ui.DefaultLogoutPageGeneratingFilter@6b52a40, org.springframework.security.web.authentication.www.BasicAuthenticationFilter@23263ba, org.springframework.security.web.savedrequest.RequestCacheAwareFilter@746e534, org.springframework.security.web.servletapi.SecurityContextHolderAwareRequestFilter@37665305, org.springframework.security.web.authentication.AnonymousAuthenticationFilter@178ba69f, org.springframework.security.web.session.SessionManagementFilter@2553dcc0, org.springframework.security.web.access.ExceptionTranslationFilter@2c70a1de, org.springframework.security.web.access.intercept.FilterSecurityInterceptor@33c9f1ac]
2022-06-13 09:27:12.415  INFO 5360 --- [    Test worker] o.s.b.t.m.w.SpringBootMockServletContext : Initializing Spring TestDispatcherServlet ''
2022-06-13 09:27:12.415  INFO 5360 --- [    Test worker] o.s.t.web.servlet.TestDispatcherServlet  : Initializing Servlet ''
2022-06-13 09:27:12.428  INFO 5360 --- [    Test worker] o.s.t.web.servlet.TestDispatcherServlet  : Completed initialization in 13 ms
2022-06-13 09:27:12.454  INFO 5360 --- [    Test worker] c.e.p.s.web.HelloControllerTest          : Started HelloControllerTest in 0.763 seconds (JVM running for 7.056)
]]></system-out>
  <system-err><![CDATA[]]></system-err>
</testsuite>
