<?xml version="1.0" encoding="UTF-8"?>
<testsuite name="com.example.project.springboot.web.IndexControllerTest" tests="1" skipped="0" failures="0" errors="0" timestamp="2022-06-13T05:57:37" hostname="MAZZI-ZENBOOK" time="0.288">
  <properties/>
  <testcase name="메인페이지_로딩" classname="com.example.project.springboot.web.IndexControllerTest" time="0.288"/>
  <system-out><![CDATA[2022-06-13 14:57:34.665  INFO 8380 --- [    Test worker] .b.t.c.SpringBootTestContextBootstrapper : Neither @ContextConfiguration nor @ContextHierarchy found for test class [com.example.project.springboot.web.IndexControllerTest], using SpringBootContextLoader
2022-06-13 14:57:34.667  INFO 8380 --- [    Test worker] o.s.t.c.support.AbstractContextLoader    : Could not detect default resource locations for test class [com.example.project.springboot.web.IndexControllerTest]: no resource found for suffixes {-context.xml, Context.groovy}.
2022-06-13 14:57:34.667  INFO 8380 --- [    Test worker] t.c.s.AnnotationConfigContextLoaderUtils : Could not detect default configuration classes for test class [com.example.project.springboot.web.IndexControllerTest]: IndexControllerTest does not declare any static, non-private, non-final, nested classes annotated with @Configuration.
2022-06-13 14:57:34.670  INFO 8380 --- [    Test worker] .b.t.c.SpringBootTestContextBootstrapper : Found @SpringBootConfiguration com.example.project.springboot.Application for test class com.example.project.springboot.web.IndexControllerTest
2022-06-13 14:57:34.672  INFO 8380 --- [    Test worker] .b.t.c.SpringBootTestContextBootstrapper : Loaded default TestExecutionListener class names from location [META-INF/spring.factories]: [org.springframework.security.test.context.support.WithSecurityContextTestExecutionListener, org.springframework.security.test.context.support.ReactorContextTestExecutionListener, org.springframework.boot.test.autoconfigure.restdocs.RestDocsTestExecutionListener, org.springframework.boot.test.autoconfigure.web.client.MockRestServiceServerResetTestExecutionListener, org.springframework.boot.test.autoconfigure.web.servlet.MockMvcPrintOnlyOnFailureTestExecutionListener, org.springframework.boot.test.autoconfigure.web.servlet.WebDriverTestExecutionListener, org.springframework.boot.test.mock.mockito.MockitoTestExecutionListener, org.springframework.boot.test.mock.mockito.ResetMocksTestExecutionListener, org.springframework.test.context.web.ServletTestExecutionListener, org.springframework.test.context.support.DirtiesContextBeforeModesTestExecutionListener, org.springframework.test.context.support.DependencyInjectionTestExecutionListener, org.springframework.test.context.support.DirtiesContextTestExecutionListener, org.springframework.test.context.transaction.TransactionalTestExecutionListener, org.springframework.test.context.jdbc.SqlScriptsTestExecutionListener]
2022-06-13 14:57:34.673  INFO 8380 --- [    Test worker] .b.t.c.SpringBootTestContextBootstrapper : Using TestExecutionListeners: [org.springframework.test.context.web.ServletTestExecutionListener@49338f3, org.springframework.test.context.support.DirtiesContextBeforeModesTestExecutionListener@3c9971af, org.springframework.boot.test.mock.mockito.MockitoTestExecutionListener@4abdd5e, org.springframework.boot.test.autoconfigure.SpringBootDependencyInjectionTestExecutionListener@66d61298, org.springframework.test.context.support.DirtiesContextTestExecutionListener@7b9fea11, org.springframework.test.context.transaction.TransactionalTestExecutionListener@c7cf8c4, org.springframework.test.context.jdbc.SqlScriptsTestExecutionListener@56e78538, org.springframework.security.test.context.support.WithSecurityContextTestExecutionListener@731fae, org.springframework.security.test.context.support.ReactorContextTestExecutionListener@438a2d3, org.springframework.boot.test.autoconfigure.restdocs.RestDocsTestExecutionListener@6fe9c048, org.springframework.boot.test.autoconfigure.web.client.MockRestServiceServerResetTestExecutionListener@54d46c8, org.springframework.boot.test.autoconfigure.web.servlet.MockMvcPrintOnlyOnFailureTestExecutionListener@1ddba7a0, org.springframework.boot.test.autoconfigure.web.servlet.WebDriverTestExecutionListener@5c34b0f2, org.springframework.boot.test.mock.mockito.ResetMocksTestExecutionListener@7dfec0bc]

  .   ____          _            __ _ _
 /\\ / ___'_ __ _ _(_)_ __  __ _ \ \ \ \
( ( )\___ | '_ | '_| | '_ \/ _` | \ \ \ \
 \\/  ___)| |_)| | | | | || (_| |  ) ) ) )
  '  |____| .__|_| |_|_| |_\__, | / / / /
 =========|_|==============|___/=/_/_/_/
 :: Spring Boot ::        (v2.1.7.RELEASE)

2022-06-13 14:57:34.718  INFO 8380 --- [    Test worker] c.e.p.s.web.IndexControllerTest          : Starting IndexControllerTest on Mazzi-Zenbook with PID 8380 (started by tlwlr in C:\springboot)
2022-06-13 14:57:34.719  INFO 8380 --- [    Test worker] c.e.p.s.web.IndexControllerTest          : No active profile set, falling back to default profiles: default
2022-06-13 14:57:34.997  INFO 8380 --- [    Test worker] .s.d.r.c.RepositoryConfigurationDelegate : Bootstrapping Spring Data repositories in DEFAULT mode.
2022-06-13 14:57:35.037  INFO 8380 --- [    Test worker] .s.d.r.c.RepositoryConfigurationDelegate : Finished Spring Data repository scanning in 39ms. Found 2 repository interfaces.
2022-06-13 14:57:35.182  INFO 8380 --- [    Test worker] trationDelegate$BeanPostProcessorChecker : Bean 'org.springframework.transaction.annotation.ProxyTransactionManagementConfiguration' of type [org.springframework.transaction.annotation.ProxyTransactionManagementConfiguration$$EnhancerBySpringCGLIB$$4e9c3074] is not eligible for getting processed by all BeanPostProcessors (for example: not eligible for auto-proxying)
2022-06-13 14:57:35.539  INFO 8380 --- [    Test worker] o.s.b.w.embedded.tomcat.TomcatWebServer  : Tomcat initialized with port(s): 0 (http)
2022-06-13 14:57:35.591  INFO 8380 --- [    Test worker] o.apache.catalina.core.StandardService   : Starting service [Tomcat]
2022-06-13 14:57:35.592  INFO 8380 --- [    Test worker] org.apache.catalina.core.StandardEngine  : Starting Servlet engine: [Apache Tomcat/9.0.22]
2022-06-13 14:57:35.876  INFO 8380 --- [    Test worker] o.a.c.c.C.[Tomcat].[localhost].[/]       : Initializing Spring embedded WebApplicationContext
2022-06-13 14:57:35.876  INFO 8380 --- [    Test worker] o.s.web.context.ContextLoader            : Root WebApplicationContext: initialization completed in 1152 ms
2022-06-13 14:57:36.124  INFO 8380 --- [    Test worker] com.zaxxer.hikari.HikariDataSource       : HikariPool-2 - Starting...
2022-06-13 14:57:36.125  INFO 8380 --- [    Test worker] com.zaxxer.hikari.HikariDataSource       : HikariPool-2 - Start completed.
2022-06-13 14:57:36.172  INFO 8380 --- [    Test worker] o.hibernate.jpa.internal.util.LogHelper  : HHH000204: Processing PersistenceUnitInfo [
	name: default
	...]
2022-06-13 14:57:36.191  INFO 8380 --- [    Test worker] org.hibernate.dialect.Dialect            : HHH000400: Using dialect: org.hibernate.dialect.MySQL5InnoDBDialect
Hibernate: drop table if exists posts
Hibernate: drop table if exists user
Hibernate: create table posts (id bigint not null auto_increment, created_date datetime, modified_date datetime, author varchar(255), content TEXT not null, title varchar(500) not null, primary key (id)) engine=InnoDB
Hibernate: create table user (id bigint not null auto_increment, created_date datetime, modified_date datetime, email varchar(255) not null, name varchar(255) not null, picture varchar(255), role varchar(255) not null, primary key (id)) engine=InnoDB
2022-06-13 14:57:36.314  INFO 8380 --- [    Test worker] o.h.t.schema.internal.SchemaCreatorImpl  : HHH000476: Executing import script 'org.hibernate.tool.schema.internal.exec.ScriptSourceInputNonExistentImpl@7bede4ea'
2022-06-13 14:57:36.314  INFO 8380 --- [    Test worker] j.LocalContainerEntityManagerFactoryBean : Initialized JPA EntityManagerFactory for persistence unit 'default'
2022-06-13 14:57:36.809  INFO 8380 --- [    Test worker] o.h.h.i.QueryTranslatorFactoryInitiator  : HHH000397: Using ASTQueryTranslatorFactory
2022-06-13 14:57:37.036  INFO 8380 --- [    Test worker] o.s.s.web.DefaultSecurityFilterChain     : Creating filter chain: any request, [org.springframework.security.web.context.request.async.WebAsyncManagerIntegrationFilter@3c2fa57a, org.springframework.security.web.context.SecurityContextPersistenceFilter@3435a4e5, org.springframework.security.web.header.HeaderWriterFilter@75d402d4, org.springframework.security.web.authentication.logout.LogoutFilter@3d5e0bf0, org.springframework.security.oauth2.client.web.OAuth2AuthorizationRequestRedirectFilter@796e2187, org.springframework.security.oauth2.client.web.OAuth2LoginAuthenticationFilter@632d1b1b, org.springframework.security.web.authentication.ui.DefaultLoginPageGeneratingFilter@24558113, org.springframework.security.web.authentication.ui.DefaultLogoutPageGeneratingFilter@4027edeb, org.springframework.security.web.savedrequest.RequestCacheAwareFilter@31434b63, org.springframework.security.web.servletapi.SecurityContextHolderAwareRequestFilter@64d42d3d, org.springframework.security.web.authentication.AnonymousAuthenticationFilter@48cd8e71, org.springframework.security.web.session.SessionManagementFilter@1a0b4955, org.springframework.security.web.access.ExceptionTranslationFilter@1f235a0a, org.springframework.security.web.access.intercept.FilterSecurityInterceptor@32e9c3af]
2022-06-13 14:57:37.329  INFO 8380 --- [    Test worker] o.s.s.concurrent.ThreadPoolTaskExecutor  : Initializing ExecutorService 'applicationTaskExecutor'
2022-06-13 14:57:37.358  WARN 8380 --- [    Test worker] aWebConfiguration$JpaWebMvcConfiguration : spring.jpa.open-in-view is enabled by default. Therefore, database queries may be performed during view rendering. Explicitly configure spring.jpa.open-in-view to disable this warning
2022-06-13 14:57:37.391  INFO 8380 --- [    Test worker] o.s.b.a.w.s.WelcomePageHandlerMapping    : Adding welcome page template: index
2022-06-13 14:57:37.727  INFO 8380 --- [    Test worker] s.a.ScheduledAnnotationBeanPostProcessor : No TaskScheduler/ScheduledExecutorService bean found for scheduled processing
2022-06-13 14:57:37.759  INFO 8380 --- [    Test worker] o.s.b.w.embedded.tomcat.TomcatWebServer  : Tomcat started on port(s): 61567 (http) with context path ''
2022-06-13 14:57:37.761  INFO 8380 --- [    Test worker] c.e.p.s.web.IndexControllerTest          : Started IndexControllerTest in 3.085 seconds (JVM running for 10.533)
2022-06-13 14:57:37.896  INFO 8380 --- [o-auto-1-exec-1] o.a.c.c.C.[Tomcat].[localhost].[/]       : Initializing Spring DispatcherServlet 'dispatcherServlet'
2022-06-13 14:57:37.896  INFO 8380 --- [o-auto-1-exec-1] o.s.web.servlet.DispatcherServlet        : Initializing Servlet 'dispatcherServlet'
2022-06-13 14:57:37.923  INFO 8380 --- [o-auto-1-exec-1] o.s.web.servlet.DispatcherServlet        : Completed initialization in 27 ms
Hibernate: select posts0_.id as id1_0_, posts0_.created_date as created_2_0_, posts0_.modified_date as modified3_0_, posts0_.author as author4_0_, posts0_.content as content5_0_, posts0_.title as title6_0_ from posts posts0_ order by posts0_.id DESC
]]></system-out>
  <system-err><![CDATA[]]></system-err>
</testsuite>
