<?xml version="1.0" encoding="UTF-8"?>
<testsuite name="com.example.project.springboot.web.HelloControllerTest" tests="2" skipped="0" failures="0" errors="0" timestamp="2022-06-13T05:57:34" hostname="MAZZI-ZENBOOK" time="0.185">
  <properties/>
  <testcase name="hello가_리턴된다" classname="com.example.project.springboot.web.HelloControllerTest" time="0.084"/>
  <testcase name="helloDto가_리턴된다" classname="com.example.project.springboot.web.HelloControllerTest" time="0.101"/>
  <system-out><![CDATA[2022-06-13 14:57:33.605  INFO 8380 --- [    Test worker] .b.t.a.w.s.WebMvcTestContextBootstrapper : Neither @ContextConfiguration nor @ContextHierarchy found for test class [com.example.project.springboot.web.HelloControllerTest], using SpringBootContextLoader
2022-06-13 14:57:33.607  INFO 8380 --- [    Test worker] o.s.t.c.support.AbstractContextLoader    : Could not detect default resource locations for test class [com.example.project.springboot.web.HelloControllerTest]: no resource found for suffixes {-context.xml, Context.groovy}.
2022-06-13 14:57:33.607  INFO 8380 --- [    Test worker] t.c.s.AnnotationConfigContextLoaderUtils : Could not detect default configuration classes for test class [com.example.project.springboot.web.HelloControllerTest]: HelloControllerTest does not declare any static, non-private, non-final, nested classes annotated with @Configuration.
2022-06-13 14:57:33.632  INFO 8380 --- [    Test worker] .b.t.c.SpringBootTestContextBootstrapper : Found @SpringBootConfiguration com.example.project.springboot.Application for test class com.example.project.springboot.web.HelloControllerTest
2022-06-13 14:57:33.632  INFO 8380 --- [    Test worker] .b.t.a.w.s.WebMvcTestContextBootstrapper : Loaded default TestExecutionListener class names from location [META-INF/spring.factories]: [org.springframework.security.test.context.support.WithSecurityContextTestExecutionListener, org.springframework.security.test.context.support.ReactorContextTestExecutionListener, org.springframework.boot.test.autoconfigure.restdocs.RestDocsTestExecutionListener, org.springframework.boot.test.autoconfigure.web.client.MockRestServiceServerResetTestExecutionListener, org.springframework.boot.test.autoconfigure.web.servlet.MockMvcPrintOnlyOnFailureTestExecutionListener, org.springframework.boot.test.autoconfigure.web.servlet.WebDriverTestExecutionListener, org.springframework.boot.test.mock.mockito.MockitoTestExecutionListener, org.springframework.boot.test.mock.mockito.ResetMocksTestExecutionListener, org.springframework.test.context.web.ServletTestExecutionListener, org.springframework.test.context.support.DirtiesContextBeforeModesTestExecutionListener, org.springframework.test.context.support.DependencyInjectionTestExecutionListener, org.springframework.test.context.support.DirtiesContextTestExecutionListener, org.springframework.test.context.transaction.TransactionalTestExecutionListener, org.springframework.test.context.jdbc.SqlScriptsTestExecutionListener]
2022-06-13 14:57:33.633  INFO 8380 --- [    Test worker] .b.t.a.w.s.WebMvcTestContextBootstrapper : Using TestExecutionListeners: [org.springframework.test.context.web.ServletTestExecutionListener@c6bf8d9, org.springframework.test.context.support.DirtiesContextBeforeModesTestExecutionListener@44392e64, org.springframework.boot.test.mock.mockito.MockitoTestExecutionListener@e18d2a2, org.springframework.boot.test.autoconfigure.SpringBootDependencyInjectionTestExecutionListener@1a77eb6, org.springframework.test.context.support.DirtiesContextTestExecutionListener@52d9f36b, org.springframework.test.context.transaction.TransactionalTestExecutionListener@5f9ebd5a, org.springframework.test.context.jdbc.SqlScriptsTestExecutionListener@175bf9c9, org.springframework.security.test.context.support.WithSecurityContextTestExecutionListener@2db3675a, org.springframework.security.test.context.support.ReactorContextTestExecutionListener@306c9b2c, org.springframework.boot.test.autoconfigure.restdocs.RestDocsTestExecutionListener@1ab28416, org.springframework.boot.test.autoconfigure.web.client.MockRestServiceServerResetTestExecutionListener@52efb338, org.springframework.boot.test.autoconfigure.web.servlet.MockMvcPrintOnlyOnFailureTestExecutionListener@64508788, org.springframework.boot.test.autoconfigure.web.servlet.WebDriverTestExecutionListener@30b1c5d5, org.springframework.boot.test.mock.mockito.ResetMocksTestExecutionListener@3e2d65e1]

  .   ____          _            __ _ _
 /\\ / ___'_ __ _ _(_)_ __  __ _ \ \ \ \
( ( )\___ | '_ | '_| | '_ \/ _` | \ \ \ \
 \\/  ___)| |_)| | | | | || (_| |  ) ) ) )
  '  |____| .__|_| |_|_| |_\__, | / / / /
 =========|_|==============|___/=/_/_/_/
 :: Spring Boot ::        (v2.1.7.RELEASE)

2022-06-13 14:57:33.655  INFO 8380 --- [    Test worker] c.e.p.s.web.HelloControllerTest          : Starting HelloControllerTest on Mazzi-Zenbook with PID 8380 (started by tlwlr in C:\springboot)
2022-06-13 14:57:33.656  INFO 8380 --- [    Test worker] c.e.p.s.web.HelloControllerTest          : No active profile set, falling back to default profiles: default
2022-06-13 14:57:34.009  INFO 8380 --- [    Test worker] o.s.s.concurrent.ThreadPoolTaskExecutor  : Initializing ExecutorService 'applicationTaskExecutor'
2022-06-13 14:57:34.039  INFO 8380 --- [    Test worker] o.s.b.a.w.s.WelcomePageHandlerMapping    : Adding welcome page template: index
2022-06-13 14:57:34.236  INFO 8380 --- [    Test worker] .s.s.UserDetailsServiceAutoConfiguration : 

Using generated security password: 9a1a2a71-6a05-4b82-9b95-54cb59761a3d

2022-06-13 14:57:34.372  INFO 8380 --- [    Test worker] o.s.s.web.DefaultSecurityFilterChain     : Creating filter chain: any request, [org.springframework.security.web.context.request.async.WebAsyncManagerIntegrationFilter@12f3fcd, org.springframework.security.web.context.SecurityContextPersistenceFilter@6b52a40, org.springframework.security.web.header.HeaderWriterFilter@3ca6bd01, org.springframework.security.web.csrf.CsrfFilter@389bc2d3, org.springframework.security.web.authentication.logout.LogoutFilter@36ab69d9, org.springframework.security.web.authentication.UsernamePasswordAuthenticationFilter@77881b7a, org.springframework.security.web.authentication.ui.DefaultLoginPageGeneratingFilter@2f58f492, org.springframework.security.web.authentication.ui.DefaultLogoutPageGeneratingFilter@6dc2e473, org.springframework.security.web.authentication.www.BasicAuthenticationFilter@4177d422, org.springframework.security.web.savedrequest.RequestCacheAwareFilter@178ba69f, org.springframework.security.web.servletapi.SecurityContextHolderAwareRequestFilter@1e4c4fda, org.springframework.security.web.authentication.AnonymousAuthenticationFilter@12ebfb2d, org.springframework.security.web.session.SessionManagementFilter@5acd7d1c, org.springframework.security.web.access.ExceptionTranslationFilter@23263ba, org.springframework.security.web.access.intercept.FilterSecurityInterceptor@56a9b662]
2022-06-13 14:57:34.416  INFO 8380 --- [    Test worker] o.s.b.t.m.w.SpringBootMockServletContext : Initializing Spring TestDispatcherServlet ''
2022-06-13 14:57:34.416  INFO 8380 --- [    Test worker] o.s.t.web.servlet.TestDispatcherServlet  : Initializing Servlet ''
2022-06-13 14:57:34.439  INFO 8380 --- [    Test worker] o.s.t.web.servlet.TestDispatcherServlet  : Completed initialization in 23 ms
2022-06-13 14:57:34.473  INFO 8380 --- [    Test worker] c.e.p.s.web.HelloControllerTest          : Started HelloControllerTest in 0.837 seconds (JVM running for 7.244)
]]></system-out>
  <system-err><![CDATA[]]></system-err>
</testsuite>
